<?xml version="1.0" encoding="UTF-8"?>
<testng-results skipped="0" failed="0" ignored="0" total="1" passed="1">
  <reporter-output>
  </reporter-output>
  <suite name="Default suite" duration-ms="630" started-at="2021-11-13T13:14:29 IST" finished-at="2021-11-13T13:14:30 IST">
    <groups>
    </groups>
    <test name="Default test" duration-ms="630" started-at="2021-11-13T13:14:29 IST" finished-at="2021-11-13T13:14:30 IST">
      <class name="DatebaseConnection.ConnectTOMySql">
        <test-method status="PASS" signature="TestDB()[pri:0, instance:DatebaseConnection.ConnectTOMySql@4bbfb90a]" name="TestDB" duration-ms="586" started-at="2021-11-13T13:14:29 IST" finished-at="2021-11-13T13:14:30 IST">
          <reporter-output>
          </reporter-output>
        </test-method> <!-- TestDB -->
      </class> <!-- DatebaseConnection.ConnectTOMySql -->
    </test> <!-- Default test -->
  </suite> <!-- Default suite -->
</testng-results>
